Backend error message
---------------------
AttemptID:attempt_1458575520566_8717_m_000001_0 Info:Error: java.lang.ClassNotFoundException: Porter
	at java.net.URLClassLoader.findClass(URLClassLoader.java:381)
	at java.lang.ClassLoader.loadClass(ClassLoader.java:424)
	at sun.misc.Launcher$AppClassLoader.loadClass(Launcher.java:331)
	at java.lang.ClassLoader.loadClass(ClassLoader.java:357)
	at WordStem.exec(WordStem.java:7)
	at WordStem.exec(WordStem.java:5)
	at org.apache.pig.backend.hadoop.executionengine.physicalLayer.expressionOperators.POUserFunc.getNext(POUserFunc.java:330)
	at org.apache.pig.backend.hadoop.executionengine.physicalLayer.expressionOperators.POUserFunc.getNextString(POUserFunc.java:432)
	at org.apache.pig.backend.hadoop.executionengine.physicalLayer.PhysicalOperator.getNext(PhysicalOperator.java:315)
	at org.apache.pig.backend.hadoop.executionengine.physicalLayer.relationalOperators.POForEach.processPlan(POForEach.java:378)
	at org.apache.pig.backend.hadoop.executionengine.physicalLayer.relationalOperators.POForEach.getNextTuple(POForEach.java:298)
	at org.apache.pig.backend.hadoop.executionengine.mapReduceLayer.PigGenericMapBase.runPipeline(PigGenericMapBase.java:282)
	at org.apache.pig.backend.hadoop.executionengine.mapReduceLayer.PigGenericMapBase.map(PigGenericMapBase.java:277)
	at org.apache.pig.backend.hadoop.executionengine.mapReduceLayer.PigGenericMapBase.map(PigGenericMapBase.java:64)
	at org.apache.hadoop.mapreduce.Mapper.run(Mapper.java:145)
	at org.apache.hadoop.mapred.MapTask.runNewMapper(MapTask.java:787)
	at org.apache.hadoop.mapred.MapTask.run(MapTask.java:341)
	at org.apache.hadoop.mapred.YarnChild$2.run(YarnChild.java:163)
	at java.security.AccessController.doPrivileged(Native Method)
	at javax.security.auth.Subject.doAs(Subject.java:422)
	at org.apache.hadoop.security.UserGroupInformation.doAs(UserGroupInformation.java:1671)
	at org.apache.hadoop.mapred.YarnChild.main(YarnChild.java:158)

Backend error message
---------------------
AttemptID:attempt_1458575520566_8717_m_000001_0 Info:Container killed by the ApplicationMaster.
Container killed on request. Exit code is 143
Container exited with a non-zero exit code 143

Backend error message
---------------------
AttemptID:attempt_1458575520566_8717_m_000001_1 Info:Error: java.lang.ClassNotFoundException: Porter
	at java.net.URLClassLoader.findClass(URLClassLoader.java:381)
	at java.lang.ClassLoader.loadClass(ClassLoader.java:424)
	at sun.misc.Launcher$AppClassLoader.loadClass(Launcher.java:331)
	at java.lang.ClassLoader.loadClass(ClassLoader.java:357)
	at WordStem.exec(WordStem.java:7)
	at WordStem.exec(WordStem.java:5)
	at org.apache.pig.backend.hadoop.executionengine.physicalLayer.expressionOperators.POUserFunc.getNext(POUserFunc.java:330)
	at org.apache.pig.backend.hadoop.executionengine.physicalLayer.expressionOperators.POUserFunc.getNextString(POUserFunc.java:432)
	at org.apache.pig.backend.hadoop.executionengine.physicalLayer.PhysicalOperator.getNext(PhysicalOperator.java:315)
	at org.apache.pig.backend.hadoop.executionengine.physicalLayer.relationalOperators.POForEach.processPlan(POForEach.java:378)
	at org.apache.pig.backend.hadoop.executionengine.physicalLayer.relationalOperators.POForEach.getNextTuple(POForEach.java:298)
	at org.apache.pig.backend.hadoop.executionengine.mapReduceLayer.PigGenericMapBase.runPipeline(PigGenericMapBase.java:282)
	at org.apache.pig.backend.hadoop.executionengine.mapReduceLayer.PigGenericMapBase.map(PigGenericMapBase.java:277)
	at org.apache.pig.backend.hadoop.executionengine.mapReduceLayer.PigGenericMapBase.map(PigGenericMapBase.java:64)
	at org.apache.hadoop.mapreduce.Mapper.run(Mapper.java:145)
	at org.apache.hadoop.mapred.MapTask.runNewMapper(MapTask.java:787)
	at org.apache.hadoop.mapred.MapTask.run(MapTask.java:341)
	at org.apache.hadoop.mapred.YarnChild$2.run(YarnChild.java:163)
	at java.security.AccessController.doPrivileged(Native Method)
	at javax.security.auth.Subject.doAs(Subject.java:422)
	at org.apache.hadoop.security.UserGroupInformation.doAs(UserGroupInformation.java:1671)
	at org.apache.hadoop.mapred.YarnChild.main(YarnChild.java:158)

Backend error message
---------------------
AttemptID:attempt_1458575520566_8717_m_000001_1 Info:Container killed by the ApplicationMaster.
Container killed on request. Exit code is 143
Container exited with a non-zero exit code 143

Backend error message
---------------------
AttemptID:attempt_1458575520566_8717_m_000001_2 Info:Error: java.lang.ClassNotFoundException: Porter
	at java.net.URLClassLoader.findClass(URLClassLoader.java:381)
	at java.lang.ClassLoader.loadClass(ClassLoader.java:424)
	at sun.misc.Launcher$AppClassLoader.loadClass(Launcher.java:331)
	at java.lang.ClassLoader.loadClass(ClassLoader.java:357)
	at WordStem.exec(WordStem.java:7)
	at WordStem.exec(WordStem.java:5)
	at org.apache.pig.backend.hadoop.executionengine.physicalLayer.expressionOperators.POUserFunc.getNext(POUserFunc.java:330)
	at org.apache.pig.backend.hadoop.executionengine.physicalLayer.expressionOperators.POUserFunc.getNextString(POUserFunc.java:432)
	at org.apache.pig.backend.hadoop.executionengine.physicalLayer.PhysicalOperator.getNext(PhysicalOperator.java:315)
	at org.apache.pig.backend.hadoop.executionengine.physicalLayer.relationalOperators.POForEach.processPlan(POForEach.java:378)
	at org.apache.pig.backend.hadoop.executionengine.physicalLayer.relationalOperators.POForEach.getNextTuple(POForEach.java:298)
	at org.apache.pig.backend.hadoop.executionengine.mapReduceLayer.PigGenericMapBase.runPipeline(PigGenericMapBase.java:282)
	at org.apache.pig.backend.hadoop.executionengine.mapReduceLayer.PigGenericMapBase.map(PigGenericMapBase.java:277)
	at org.apache.pig.backend.hadoop.executionengine.mapReduceLayer.PigGenericMapBase.map(PigGenericMapBase.java:64)
	at org.apache.hadoop.mapreduce.Mapper.run(Mapper.java:145)
	at org.apache.hadoop.mapred.MapTask.runNewMapper(MapTask.java:787)
	at org.apache.hadoop.mapred.MapTask.run(MapTask.java:341)
	at org.apache.hadoop.mapred.YarnChild$2.run(YarnChild.java:163)
	at java.security.AccessController.doPrivileged(Native Method)
	at javax.security.auth.Subject.doAs(Subject.java:422)
	at org.apache.hadoop.security.UserGroupInformation.doAs(UserGroupInformation.java:1671)
	at org.apache.hadoop.mapred.YarnChild.main(YarnChild.java:158)

Backend error message
---------------------
AttemptID:attempt_1458575520566_8717_m_000001_2 Info:Container killed by the ApplicationMaster.
Container killed on request. Exit code is 143
Container exited with a non-zero exit code 143

Backend error message
---------------------
AttemptID:attempt_1458575520566_8717_m_000001_3 Info:Task KILL is received. Killing attempt!

Error message from task (map) task_1458575520566_8717_m_000001
--------------------------------------------------------------
ERROR 2998: Unhandled internal error. Porter

java.lang.ClassNotFoundException: Porter
	at java.net.URLClassLoader.findClass(URLClassLoader.java:381)
	at java.lang.ClassLoader.loadClass(ClassLoader.java:424)
	at sun.misc.Launcher$AppClassLoader.loadClass(Launcher.java:331)
	at java.lang.ClassLoader.loadClass(ClassLoader.java:357)
	at WordStem.exec(WordStem.java:7)
	at WordStem.exec(WordStem.java:5)
	at org.apache.pig.backend.hadoop.executionengine.physicalLayer.expressionOperators.POUserFunc.getNext(POUserFunc.java:330)
	at org.apache.pig.backend.hadoop.executionengine.physicalLayer.expressionOperators.POUserFunc.getNextString(POUserFunc.java:432)
	at org.apache.pig.backend.hadoop.executionengine.physicalLayer.PhysicalOperator.getNext(PhysicalOperator.java:315)
	at org.apache.pig.backend.hadoop.executionengine.physicalLayer.relationalOperators.POForEach.processPlan(POForEach.java:378)
	at org.apache.pig.backend.hadoop.executionengine.physicalLayer.relationalOperators.POForEach.getNextTuple(POForEach.java:298)
	at org.apache.pig.backend.hadoop.executionengine.mapReduceLayer.PigGenericMapBase.runPipeline(PigGenericMapBase.java:282)
	at org.apache.pig.backend.hadoop.executionengine.mapReduceLayer.PigGenericMapBase.map(PigGenericMapBase.java:277)
	at org.apache.pig.backend.hadoop.executionengine.mapReduceLayer.PigGenericMapBase.map(PigGenericMapBase.java:64)
	at org.apache.hadoop.mapreduce.Mapper.run(Mapper.java:145)
	at org.apache.hadoop.mapred.MapTask.runNewMapper(MapTask.java:787)
	at org.apache.hadoop.mapred.MapTask.run(MapTask.java:341)
	at org.apache.hadoop.mapred.YarnChild$2.run(YarnChild.java:163)
	at java.security.AccessController.doPrivileged(Native Method)
	at javax.security.auth.Subject.doAs(Subject.java:422)
	at org.apache.hadoop.security.UserGroupInformation.doAs(UserGroupInformation.java:1671)
================================================================================
Error message from task (map) task_1458575520566_8717_m_000001
--------------------------------------------------------------
ERROR 2998: Unhandled internal error. Porter

java.lang.ClassNotFoundException: Porter
	at java.net.URLClassLoader.findClass(URLClassLoader.java:381)
	at java.lang.ClassLoader.loadClass(ClassLoader.java:424)
	at sun.misc.Launcher$AppClassLoader.loadClass(Launcher.java:331)
	at java.lang.ClassLoader.loadClass(ClassLoader.java:357)
	at WordStem.exec(WordStem.java:7)
	at WordStem.exec(WordStem.java:5)
	at org.apache.pig.backend.hadoop.executionengine.physicalLayer.expressionOperators.POUserFunc.getNext(POUserFunc.java:330)
	at org.apache.pig.backend.hadoop.executionengine.physicalLayer.expressionOperators.POUserFunc.getNextString(POUserFunc.java:432)
	at org.apache.pig.backend.hadoop.executionengine.physicalLayer.PhysicalOperator.getNext(PhysicalOperator.java:315)
	at org.apache.pig.backend.hadoop.executionengine.physicalLayer.relationalOperators.POForEach.processPlan(POForEach.java:378)
	at org.apache.pig.backend.hadoop.executionengine.physicalLayer.relationalOperators.POForEach.getNextTuple(POForEach.java:298)
	at org.apache.pig.backend.hadoop.executionengine.mapReduceLayer.PigGenericMapBase.runPipeline(PigGenericMapBase.java:282)
	at org.apache.pig.backend.hadoop.executionengine.mapReduceLayer.PigGenericMapBase.map(PigGenericMapBase.java:277)
	at org.apache.pig.backend.hadoop.executionengine.mapReduceLayer.PigGenericMapBase.map(PigGenericMapBase.java:64)
	at org.apache.hadoop.mapreduce.Mapper.run(Mapper.java:145)
	at org.apache.hadoop.mapred.MapTask.runNewMapper(MapTask.java:787)
	at org.apache.hadoop.mapred.MapTask.run(MapTask.java:341)
	at org.apache.hadoop.mapred.YarnChild$2.run(YarnChild.java:163)
	at java.security.AccessController.doPrivileged(Native Method)
	at javax.security.auth.Subject.doAs(Subject.java:422)
	at org.apache.hadoop.security.UserGroupInformation.doAs(UserGroupInformation.java:1671)
================================================================================
Error message from task (map) task_1458575520566_8717_m_000001
--------------------------------------------------------------
ERROR 2998: Unhandled internal error. Porter

java.lang.ClassNotFoundException: Porter
	at java.net.URLClassLoader.findClass(URLClassLoader.java:381)
	at java.lang.ClassLoader.loadClass(ClassLoader.java:424)
	at sun.misc.Launcher$AppClassLoader.loadClass(Launcher.java:331)
	at java.lang.ClassLoader.loadClass(ClassLoader.java:357)
	at WordStem.exec(WordStem.java:7)
	at WordStem.exec(WordStem.java:5)
	at org.apache.pig.backend.hadoop.executionengine.physicalLayer.expressionOperators.POUserFunc.getNext(POUserFunc.java:330)
	at org.apache.pig.backend.hadoop.executionengine.physicalLayer.expressionOperators.POUserFunc.getNextString(POUserFunc.java:432)
	at org.apache.pig.backend.hadoop.executionengine.physicalLayer.PhysicalOperator.getNext(PhysicalOperator.java:315)
	at org.apache.pig.backend.hadoop.executionengine.physicalLayer.relationalOperators.POForEach.processPlan(POForEach.java:378)
	at org.apache.pig.backend.hadoop.executionengine.physicalLayer.relationalOperators.POForEach.getNextTuple(POForEach.java:298)
	at org.apache.pig.backend.hadoop.executionengine.mapReduceLayer.PigGenericMapBase.runPipeline(PigGenericMapBase.java:282)
	at org.apache.pig.backend.hadoop.executionengine.mapReduceLayer.PigGenericMapBase.map(PigGenericMapBase.java:277)
	at org.apache.pig.backend.hadoop.executionengine.mapReduceLayer.PigGenericMapBase.map(PigGenericMapBase.java:64)
	at org.apache.hadoop.mapreduce.Mapper.run(Mapper.java:145)
	at org.apache.hadoop.mapred.MapTask.runNewMapper(MapTask.java:787)
	at org.apache.hadoop.mapred.MapTask.run(MapTask.java:341)
	at org.apache.hadoop.mapred.YarnChild$2.run(YarnChild.java:163)
	at java.security.AccessController.doPrivileged(Native Method)
	at javax.security.auth.Subject.doAs(Subject.java:422)
	at org.apache.hadoop.security.UserGroupInformation.doAs(UserGroupInformation.java:1671)
================================================================================
Pig Stack Trace
---------------
ERROR 1066: Unable to open iterator for alias stemmedwords. Backend error : Porter

org.apache.pig.impl.logicalLayer.FrontendException: ERROR 1066: Unable to open iterator for alias stemmedwords. Backend error : Porter
	at org.apache.pig.PigServer.openIterator(PigServer.java:882)
	at org.apache.pig.tools.grunt.GruntParser.processDump(GruntParser.java:774)
	at org.apache.pig.tools.pigscript.parser.PigScriptParser.parse(PigScriptParser.java:372)
	at org.apache.pig.tools.grunt.GruntParser.parseStopOnError(GruntParser.java:198)
	at org.apache.pig.tools.grunt.GruntParser.parseStopOnError(GruntParser.java:173)
	at org.apache.pig.tools.grunt.Grunt.exec(Grunt.java:84)
	at org.apache.pig.Main.run(Main.java:607)
	at org.apache.pig.Main.main(Main.java:156)
	at sun.reflect.NativeMethodAccessorImpl.invoke0(Native Method)
	at sun.reflect.NativeMethodAccessorImpl.invoke(NativeMethodAccessorImpl.java:57)
	at sun.reflect.DelegatingMethodAccessorImpl.invoke(DelegatingMethodAccessorImpl.java:43)
	at java.lang.reflect.Method.invoke(Method.java:606)
	at org.apache.hadoop.util.RunJar.run(RunJar.java:221)
	at org.apache.hadoop.util.RunJar.main(RunJar.java:136)
Caused by: java.lang.ClassNotFoundException: Porter
	at java.net.URLClassLoader.findClass(URLClassLoader.java:381)
	at java.lang.ClassLoader.loadClass(ClassLoader.java:424)
	at sun.misc.Launcher$AppClassLoader.loadClass(Launcher.java:331)
	at java.lang.ClassLoader.loadClass(ClassLoader.java:357)
	at WordStem.exec(WordStem.java:7)
	at WordStem.exec(WordStem.java:5)
	at org.apache.pig.backend.hadoop.executionengine.physicalLayer.expressionOperators.POUserFunc.getNext(POUserFunc.java:330)
	at org.apache.pig.backend.hadoop.executionengine.physicalLayer.expressionOperators.POUserFunc.getNextString(POUserFunc.java:432)
	at org.apache.pig.backend.hadoop.executionengine.physicalLayer.PhysicalOperator.getNext(PhysicalOperator.java:315)
	at org.apache.pig.backend.hadoop.executionengine.physicalLayer.relationalOperators.POForEach.processPlan(POForEach.java:378)
	at org.apache.pig.backend.hadoop.executionengine.physicalLayer.relationalOperators.POForEach.getNextTuple(POForEach.java:298)
	at org.apache.pig.backend.hadoop.executionengine.mapReduceLayer.PigGenericMapBase.runPipeline(PigGenericMapBase.java:282)
	at org.apache.pig.backend.hadoop.executionengine.mapReduceLayer.PigGenericMapBase.map(PigGenericMapBase.java:277)
	at org.apache.pig.backend.hadoop.executionengine.mapReduceLayer.PigGenericMapBase.map(PigGenericMapBase.java:64)
	at org.apache.hadoop.mapreduce.Mapper.run(Mapper.java:145)
	at org.apache.hadoop.mapred.MapTask.runNewMapper(MapTask.java:787)
	at org.apache.hadoop.mapred.MapTask.run(MapTask.java:341)
	at org.apache.hadoop.mapred.YarnChild$2.run(YarnChild.java:163)
	at java.security.AccessController.doPrivileged(Native Method)
	at javax.security.auth.Subject.doAs(Subject.java:422)
	at org.apache.hadoop.security.UserGroupInformation.doAs(UserGroupInformation.java:1671)
================================================================================
