Backend error message
---------------------
AttemptID:attempt_1464047806047_0410_m_000007_0 Info:Container killed by the ApplicationMaster.
Container killed on request. Exit code is 143
Container exited with a non-zero exit code 143

Backend error message
---------------------
AttemptID:attempt_1464047806047_0410_m_000006_0 Info:Container killed by the ApplicationMaster.
Container killed on request. Exit code is 143
Container exited with a non-zero exit code 143

Backend error message
---------------------
AttemptID:attempt_1464047806047_0410_m_000005_0 Info:Container killed by the ApplicationMaster.
Container killed on request. Exit code is 143
Container exited with a non-zero exit code 143

Backend error message
---------------------
AttemptID:attempt_1464047806047_0410_m_000004_0 Info:Container killed by the ApplicationMaster.
Container killed on request. Exit code is 143
Container exited with a non-zero exit code 143

Backend error message
---------------------
AttemptID:attempt_1464047806047_0410_m_000003_0 Info:Container killed by the ApplicationMaster.
Container killed on request. Exit code is 143
Container exited with a non-zero exit code 143

Backend error message
---------------------
AttemptID:attempt_1464047806047_0410_m_000002_0 Info:Container killed by the ApplicationMaster.
Container killed on request. Exit code is 143
Container exited with a non-zero exit code 143

Backend error message
---------------------
AttemptID:attempt_1464047806047_0410_m_000001_0 Info:Container killed by the ApplicationMaster.
Container killed on request. Exit code is 143
Container exited with a non-zero exit code 143

Backend error message
---------------------
AttemptID:attempt_1464047806047_0410_m_000000_0 Info:Container killed by the ApplicationMaster.
Container killed on request. Exit code is 143
Container exited with a non-zero exit code 143

Backend error message
---------------------
AttemptID:attempt_1464047806047_0410_m_000010_0 Info:Container killed by the ApplicationMaster.
Container killed on request. Exit code is 143
Container exited with a non-zero exit code 143

Backend error message
---------------------
AttemptID:attempt_1464047806047_0410_m_000009_0 Info:Container killed by the ApplicationMaster.
Container killed on request. Exit code is 143
Container exited with a non-zero exit code 143

Backend error message
---------------------
AttemptID:attempt_1464047806047_0410_m_000008_0 Info:Container killed by the ApplicationMaster.
Container killed on request. Exit code is 143
Container exited with a non-zero exit code 143

Backend error message
---------------------
AttemptID:attempt_1464047806047_0410_r_000001_0 Info:Error: org.apache.pig.backend.executionengine.ExecException: ERROR 0: Scalar has more than one row in the output. 1st : (iastateiadescriptionar,zymosan,2147483647), 2nd :(iastateiadescriptionar,zymogram,2147483647)
	at org.apache.pig.impl.builtin.ReadScalars.exec(ReadScalars.java:119)
	at org.apache.pig.backend.hadoop.executionengine.physicalLayer.expressionOperators.POUserFunc.getNext(POUserFunc.java:330)
	at org.apache.pig.backend.hadoop.executionengine.physicalLayer.expressionOperators.POUserFunc.getNextInteger(POUserFunc.java:379)
	at org.apache.pig.backend.hadoop.executionengine.physicalLayer.PhysicalOperator.getNext(PhysicalOperator.java:321)
	at org.apache.pig.backend.hadoop.executionengine.physicalLayer.expressionOperators.EqualToExpr.getNextBoolean(EqualToExpr.java:83)
	at org.apache.pig.backend.hadoop.executionengine.physicalLayer.relationalOperators.POFilter.getNextTuple(POFilter.java:148)
	at org.apache.pig.backend.hadoop.executionengine.mapReduceLayer.PigGenericMapReduce$Reduce.runPipeline(PigGenericMapReduce.java:464)
	at org.apache.pig.backend.hadoop.executionengine.mapReduceLayer.PigGenericMapReduce$Reduce.processOnePackageOutput(PigGenericMapReduce.java:432)
	at org.apache.pig.backend.hadoop.executionengine.mapReduceLayer.PigGenericMapReduce$Reduce.reduce(PigGenericMapReduce.java:412)
	at org.apache.pig.backend.hadoop.executionengine.mapReduceLayer.PigGenericMapReduce$Reduce.reduce(PigGenericMapReduce.java:256)
	at org.apache.hadoop.mapreduce.Reducer.run(Reducer.java:171)
	at org.apache.hadoop.mapred.ReduceTask.runNewReducer(ReduceTask.java:627)
	at org.apache.hadoop.mapred.ReduceTask.run(ReduceTask.java:389)
	at org.apache.hadoop.mapred.YarnChild$2.run(YarnChild.java:163)
	at java.security.AccessController.doPrivileged(Native Method)
	at javax.security.auth.Subject.doAs(Subject.java:422)
	at org.apache.hadoop.security.UserGroupInformation.doAs(UserGroupInformation.java:1671)
	at org.apache.hadoop.mapred.YarnChild.main(YarnChild.java:158)

Backend error message
---------------------
AttemptID:attempt_1464047806047_0410_r_000001_0 Info:Container killed by the ApplicationMaster.
Container killed on request. Exit code is 143
Container exited with a non-zero exit code 143

Backend error message
---------------------
AttemptID:attempt_1464047806047_0410_r_000001_1 Info:Error: org.apache.pig.backend.executionengine.ExecException: ERROR 0: Scalar has more than one row in the output. 1st : (iastateiadescriptionar,zymosan,2147483647), 2nd :(iastateiadescriptionar,zymogram,2147483647)
	at org.apache.pig.impl.builtin.ReadScalars.exec(ReadScalars.java:119)
	at org.apache.pig.backend.hadoop.executionengine.physicalLayer.expressionOperators.POUserFunc.getNext(POUserFunc.java:330)
	at org.apache.pig.backend.hadoop.executionengine.physicalLayer.expressionOperators.POUserFunc.getNextInteger(POUserFunc.java:379)
	at org.apache.pig.backend.hadoop.executionengine.physicalLayer.PhysicalOperator.getNext(PhysicalOperator.java:321)
	at org.apache.pig.backend.hadoop.executionengine.physicalLayer.expressionOperators.EqualToExpr.getNextBoolean(EqualToExpr.java:83)
	at org.apache.pig.backend.hadoop.executionengine.physicalLayer.relationalOperators.POFilter.getNextTuple(POFilter.java:148)
	at org.apache.pig.backend.hadoop.executionengine.mapReduceLayer.PigGenericMapReduce$Reduce.runPipeline(PigGenericMapReduce.java:464)
	at org.apache.pig.backend.hadoop.executionengine.mapReduceLayer.PigGenericMapReduce$Reduce.processOnePackageOutput(PigGenericMapReduce.java:432)
	at org.apache.pig.backend.hadoop.executionengine.mapReduceLayer.PigGenericMapReduce$Reduce.reduce(PigGenericMapReduce.java:412)
	at org.apache.pig.backend.hadoop.executionengine.mapReduceLayer.PigGenericMapReduce$Reduce.reduce(PigGenericMapReduce.java:256)
	at org.apache.hadoop.mapreduce.Reducer.run(Reducer.java:171)
	at org.apache.hadoop.mapred.ReduceTask.runNewReducer(ReduceTask.java:627)
	at org.apache.hadoop.mapred.ReduceTask.run(ReduceTask.java:389)
	at org.apache.hadoop.mapred.YarnChild$2.run(YarnChild.java:163)
	at java.security.AccessController.doPrivileged(Native Method)
	at javax.security.auth.Subject.doAs(Subject.java:422)
	at org.apache.hadoop.security.UserGroupInformation.doAs(UserGroupInformation.java:1671)
	at org.apache.hadoop.mapred.YarnChild.main(YarnChild.java:158)

Backend error message
---------------------
AttemptID:attempt_1464047806047_0410_r_000001_1 Info:Container killed by the ApplicationMaster.
Container killed on request. Exit code is 143
Container exited with a non-zero exit code 143

Backend error message
---------------------
AttemptID:attempt_1464047806047_0410_r_000001_2 Info:Error: org.apache.pig.backend.executionengine.ExecException: ERROR 0: Scalar has more than one row in the output. 1st : (iastateiadescriptionar,zymosan,2147483647), 2nd :(iastateiadescriptionar,zymogram,2147483647)
	at org.apache.pig.impl.builtin.ReadScalars.exec(ReadScalars.java:119)
	at org.apache.pig.backend.hadoop.executionengine.physicalLayer.expressionOperators.POUserFunc.getNext(POUserFunc.java:330)
	at org.apache.pig.backend.hadoop.executionengine.physicalLayer.expressionOperators.POUserFunc.getNextInteger(POUserFunc.java:379)
	at org.apache.pig.backend.hadoop.executionengine.physicalLayer.PhysicalOperator.getNext(PhysicalOperator.java:321)
	at org.apache.pig.backend.hadoop.executionengine.physicalLayer.expressionOperators.EqualToExpr.getNextBoolean(EqualToExpr.java:83)
	at org.apache.pig.backend.hadoop.executionengine.physicalLayer.relationalOperators.POFilter.getNextTuple(POFilter.java:148)
	at org.apache.pig.backend.hadoop.executionengine.mapReduceLayer.PigGenericMapReduce$Reduce.runPipeline(PigGenericMapReduce.java:464)
	at org.apache.pig.backend.hadoop.executionengine.mapReduceLayer.PigGenericMapReduce$Reduce.processOnePackageOutput(PigGenericMapReduce.java:432)
	at org.apache.pig.backend.hadoop.executionengine.mapReduceLayer.PigGenericMapReduce$Reduce.reduce(PigGenericMapReduce.java:412)
	at org.apache.pig.backend.hadoop.executionengine.mapReduceLayer.PigGenericMapReduce$Reduce.reduce(PigGenericMapReduce.java:256)
	at org.apache.hadoop.mapreduce.Reducer.run(Reducer.java:171)
	at org.apache.hadoop.mapred.ReduceTask.runNewReducer(ReduceTask.java:627)
	at org.apache.hadoop.mapred.ReduceTask.run(ReduceTask.java:389)
	at org.apache.hadoop.mapred.YarnChild$2.run(YarnChild.java:163)
	at java.security.AccessController.doPrivileged(Native Method)
	at javax.security.auth.Subject.doAs(Subject.java:422)
	at org.apache.hadoop.security.UserGroupInformation.doAs(UserGroupInformation.java:1671)
	at org.apache.hadoop.mapred.YarnChild.main(YarnChild.java:158)

Backend error message
---------------------
AttemptID:attempt_1464047806047_0410_r_000001_2 Info:Container killed by the ApplicationMaster.
Container killed on request. Exit code is 143
Container exited with a non-zero exit code 143

Backend error message
---------------------
AttemptID:attempt_1464047806047_0410_r_000001_3 Info:Task KILL is received. Killing attempt!

Error message from task (reduce) task_1464047806047_0410_r_000001
-----------------------------------------------------------------
ERROR 0: Scalar has more than one row in the output. 1st : (iastateiadescriptionar,zymosan,2147483647), 2nd :(iastateiadescriptionar,zymogram,2147483647)

org.apache.pig.backend.executionengine.ExecException: ERROR 0: Scalar has more than one row in the output. 1st : (iastateiadescriptionar,zymosan,2147483647), 2nd :(iastateiadescriptionar,zymogram,2147483647)
	at org.apache.pig.impl.builtin.ReadScalars.exec(ReadScalars.java:119)
	at org.apache.pig.backend.hadoop.executionengine.physicalLayer.expressionOperators.POUserFunc.getNext(POUserFunc.java:330)
	at org.apache.pig.backend.hadoop.executionengine.physicalLayer.expressionOperators.POUserFunc.getNextInteger(POUserFunc.java:379)
	at org.apache.pig.backend.hadoop.executionengine.physicalLayer.PhysicalOperator.getNext(PhysicalOperator.java:321)
	at org.apache.pig.backend.hadoop.executionengine.physicalLayer.expressionOperators.EqualToExpr.getNextBoolean(EqualToExpr.java:83)
	at org.apache.pig.backend.hadoop.executionengine.physicalLayer.relationalOperators.POFilter.getNextTuple(POFilter.java:148)
	at org.apache.pig.backend.hadoop.executionengine.mapReduceLayer.PigGenericMapReduce$Reduce.runPipeline(PigGenericMapReduce.java:464)
	at org.apache.pig.backend.hadoop.executionengine.mapReduceLayer.PigGenericMapReduce$Reduce.processOnePackageOutput(PigGenericMapReduce.java:432)
	at org.apache.pig.backend.hadoop.executionengine.mapReduceLayer.PigGenericMapReduce$Reduce.reduce(PigGenericMapReduce.java:412)
	at org.apache.pig.backend.hadoop.executionengine.mapReduceLayer.PigGenericMapReduce$Reduce.reduce(PigGenericMapReduce.java:256)
	at org.apache.hadoop.mapreduce.Reducer.run(Reducer.java:171)
	at org.apache.hadoop.mapred.ReduceTask.runNewReducer(ReduceTask.java:627)
	at org.apache.hadoop.mapred.ReduceTask.run(ReduceTask.java:389)
	at org.apache.hadoop.mapred.YarnChild$2.run(YarnChild.java:163)
	at java.security.AccessController.doPrivileged(Native Method)
	at javax.security.auth.Subject.doAs(Subject.java:422)
	at org.apache.hadoop.security.UserGroupInformation.doAs(UserGroupInformation.java:1671)
================================================================================
Error message from task (reduce) task_1464047806047_0410_r_000001
-----------------------------------------------------------------
ERROR 0: Scalar has more than one row in the output. 1st : (iastateiadescriptionar,zymosan,2147483647), 2nd :(iastateiadescriptionar,zymogram,2147483647)

org.apache.pig.backend.executionengine.ExecException: ERROR 0: Scalar has more than one row in the output. 1st : (iastateiadescriptionar,zymosan,2147483647), 2nd :(iastateiadescriptionar,zymogram,2147483647)
	at org.apache.pig.impl.builtin.ReadScalars.exec(ReadScalars.java:119)
	at org.apache.pig.backend.hadoop.executionengine.physicalLayer.expressionOperators.POUserFunc.getNext(POUserFunc.java:330)
	at org.apache.pig.backend.hadoop.executionengine.physicalLayer.expressionOperators.POUserFunc.getNextInteger(POUserFunc.java:379)
	at org.apache.pig.backend.hadoop.executionengine.physicalLayer.PhysicalOperator.getNext(PhysicalOperator.java:321)
	at org.apache.pig.backend.hadoop.executionengine.physicalLayer.expressionOperators.EqualToExpr.getNextBoolean(EqualToExpr.java:83)
	at org.apache.pig.backend.hadoop.executionengine.physicalLayer.relationalOperators.POFilter.getNextTuple(POFilter.java:148)
	at org.apache.pig.backend.hadoop.executionengine.mapReduceLayer.PigGenericMapReduce$Reduce.runPipeline(PigGenericMapReduce.java:464)
	at org.apache.pig.backend.hadoop.executionengine.mapReduceLayer.PigGenericMapReduce$Reduce.processOnePackageOutput(PigGenericMapReduce.java:432)
	at org.apache.pig.backend.hadoop.executionengine.mapReduceLayer.PigGenericMapReduce$Reduce.reduce(PigGenericMapReduce.java:412)
	at org.apache.pig.backend.hadoop.executionengine.mapReduceLayer.PigGenericMapReduce$Reduce.reduce(PigGenericMapReduce.java:256)
	at org.apache.hadoop.mapreduce.Reducer.run(Reducer.java:171)
	at org.apache.hadoop.mapred.ReduceTask.runNewReducer(ReduceTask.java:627)
	at org.apache.hadoop.mapred.ReduceTask.run(ReduceTask.java:389)
	at org.apache.hadoop.mapred.YarnChild$2.run(YarnChild.java:163)
	at java.security.AccessController.doPrivileged(Native Method)
	at javax.security.auth.Subject.doAs(Subject.java:422)
	at org.apache.hadoop.security.UserGroupInformation.doAs(UserGroupInformation.java:1671)
================================================================================
Error message from task (reduce) task_1464047806047_0410_r_000001
-----------------------------------------------------------------
ERROR 0: Scalar has more than one row in the output. 1st : (iastateiadescriptionar,zymosan,2147483647), 2nd :(iastateiadescriptionar,zymogram,2147483647)

org.apache.pig.backend.executionengine.ExecException: ERROR 0: Scalar has more than one row in the output. 1st : (iastateiadescriptionar,zymosan,2147483647), 2nd :(iastateiadescriptionar,zymogram,2147483647)
	at org.apache.pig.impl.builtin.ReadScalars.exec(ReadScalars.java:119)
	at org.apache.pig.backend.hadoop.executionengine.physicalLayer.expressionOperators.POUserFunc.getNext(POUserFunc.java:330)
	at org.apache.pig.backend.hadoop.executionengine.physicalLayer.expressionOperators.POUserFunc.getNextInteger(POUserFunc.java:379)
	at org.apache.pig.backend.hadoop.executionengine.physicalLayer.PhysicalOperator.getNext(PhysicalOperator.java:321)
	at org.apache.pig.backend.hadoop.executionengine.physicalLayer.expressionOperators.EqualToExpr.getNextBoolean(EqualToExpr.java:83)
	at org.apache.pig.backend.hadoop.executionengine.physicalLayer.relationalOperators.POFilter.getNextTuple(POFilter.java:148)
	at org.apache.pig.backend.hadoop.executionengine.mapReduceLayer.PigGenericMapReduce$Reduce.runPipeline(PigGenericMapReduce.java:464)
	at org.apache.pig.backend.hadoop.executionengine.mapReduceLayer.PigGenericMapReduce$Reduce.processOnePackageOutput(PigGenericMapReduce.java:432)
	at org.apache.pig.backend.hadoop.executionengine.mapReduceLayer.PigGenericMapReduce$Reduce.reduce(PigGenericMapReduce.java:412)
	at org.apache.pig.backend.hadoop.executionengine.mapReduceLayer.PigGenericMapReduce$Reduce.reduce(PigGenericMapReduce.java:256)
	at org.apache.hadoop.mapreduce.Reducer.run(Reducer.java:171)
	at org.apache.hadoop.mapred.ReduceTask.runNewReducer(ReduceTask.java:627)
	at org.apache.hadoop.mapred.ReduceTask.run(ReduceTask.java:389)
	at org.apache.hadoop.mapred.YarnChild$2.run(YarnChild.java:163)
	at java.security.AccessController.doPrivileged(Native Method)
	at javax.security.auth.Subject.doAs(Subject.java:422)
	at org.apache.hadoop.security.UserGroupInformation.doAs(UserGroupInformation.java:1671)
================================================================================
Pig Stack Trace
---------------
ERROR 1066: Unable to open iterator for alias shortestdistRecords. Backend error : Scalar has more than one row in the output. 1st : (iastateiadescriptionar,zymosan,2147483647), 2nd :(iastateiadescriptionar,zymogram,2147483647)

org.apache.pig.impl.logicalLayer.FrontendException: ERROR 1066: Unable to open iterator for alias shortestdistRecords. Backend error : Scalar has more than one row in the output. 1st : (iastateiadescriptionar,zymosan,2147483647), 2nd :(iastateiadescriptionar,zymogram,2147483647)
	at org.apache.pig.PigServer.openIterator(PigServer.java:882)
	at org.apache.pig.tools.grunt.GruntParser.processDump(GruntParser.java:774)
	at org.apache.pig.tools.pigscript.parser.PigScriptParser.parse(PigScriptParser.java:372)
	at org.apache.pig.tools.grunt.GruntParser.parseStopOnError(GruntParser.java:198)
	at org.apache.pig.tools.grunt.GruntParser.parseStopOnError(GruntParser.java:173)
	at org.apache.pig.tools.grunt.Grunt.exec(Grunt.java:84)
	at org.apache.pig.Main.run(Main.java:607)
	at org.apache.pig.Main.main(Main.java:156)
	at sun.reflect.NativeMethodAccessorImpl.invoke0(Native Method)
	at sun.reflect.NativeMethodAccessorImpl.invoke(NativeMethodAccessorImpl.java:57)
	at sun.reflect.DelegatingMethodAccessorImpl.invoke(DelegatingMethodAccessorImpl.java:43)
	at java.lang.reflect.Method.invoke(Method.java:606)
	at org.apache.hadoop.util.RunJar.run(RunJar.java:221)
	at org.apache.hadoop.util.RunJar.main(RunJar.java:136)
Caused by: org.apache.pig.backend.executionengine.ExecException: ERROR 0: Scalar has more than one row in the output. 1st : (iastateiadescriptionar,zymosan,2147483647), 2nd :(iastateiadescriptionar,zymogram,2147483647)
	at org.apache.pig.impl.builtin.ReadScalars.exec(ReadScalars.java:119)
	at org.apache.pig.backend.hadoop.executionengine.physicalLayer.expressionOperators.POUserFunc.getNext(POUserFunc.java:330)
	at org.apache.pig.backend.hadoop.executionengine.physicalLayer.expressionOperators.POUserFunc.getNextInteger(POUserFunc.java:379)
	at org.apache.pig.backend.hadoop.executionengine.physicalLayer.PhysicalOperator.getNext(PhysicalOperator.java:321)
	at org.apache.pig.backend.hadoop.executionengine.physicalLayer.expressionOperators.EqualToExpr.getNextBoolean(EqualToExpr.java:83)
	at org.apache.pig.backend.hadoop.executionengine.physicalLayer.relationalOperators.POFilter.getNextTuple(POFilter.java:148)
	at org.apache.pig.backend.hadoop.executionengine.mapReduceLayer.PigGenericMapReduce$Reduce.runPipeline(PigGenericMapReduce.java:464)
	at org.apache.pig.backend.hadoop.executionengine.mapReduceLayer.PigGenericMapReduce$Reduce.processOnePackageOutput(PigGenericMapReduce.java:432)
	at org.apache.pig.backend.hadoop.executionengine.mapReduceLayer.PigGenericMapReduce$Reduce.reduce(PigGenericMapReduce.java:412)
	at org.apache.pig.backend.hadoop.executionengine.mapReduceLayer.PigGenericMapReduce$Reduce.reduce(PigGenericMapReduce.java:256)
	at org.apache.hadoop.mapreduce.Reducer.run(Reducer.java:171)
	at org.apache.hadoop.mapred.ReduceTask.runNewReducer(ReduceTask.java:627)
	at org.apache.hadoop.mapred.ReduceTask.run(ReduceTask.java:389)
	at org.apache.hadoop.mapred.YarnChild$2.run(YarnChild.java:163)
	at java.security.AccessController.doPrivileged(Native Method)
	at javax.security.auth.Subject.doAs(Subject.java:422)
	at org.apache.hadoop.security.UserGroupInformation.doAs(UserGroupInformation.java:1671)
================================================================================
