Pig Stack Trace
---------------
ERROR 2017: Internal error creating job configuration.

org.apache.pig.impl.logicalLayer.FrontendException: ERROR 1066: Unable to open iterator for alias tocorrectgroupedtokens
	at org.apache.pig.PigServer.openIterator(PigServer.java:892)
	at org.apache.pig.tools.grunt.GruntParser.processDump(GruntParser.java:774)
	at org.apache.pig.tools.pigscript.parser.PigScriptParser.parse(PigScriptParser.java:372)
	at org.apache.pig.tools.grunt.GruntParser.parseStopOnError(GruntParser.java:198)
	at org.apache.pig.tools.grunt.GruntParser.parseStopOnError(GruntParser.java:173)
	at org.apache.pig.tools.grunt.Grunt.exec(Grunt.java:84)
	at org.apache.pig.Main.run(Main.java:607)
	at org.apache.pig.Main.main(Main.java:156)
	at sun.reflect.NativeMethodAccessorImpl.invoke0(Native Method)
	at sun.reflect.NativeMethodAccessorImpl.invoke(NativeMethodAccessorImpl.java:57)
	at sun.reflect.DelegatingMethodAccessorImpl.invoke(DelegatingMethodAccessorImpl.java:43)
	at java.lang.reflect.Method.invoke(Method.java:606)
	at org.apache.hadoop.util.RunJar.run(RunJar.java:221)
	at org.apache.hadoop.util.RunJar.main(RunJar.java:136)
Caused by: org.apache.pig.PigException: ERROR 1002: Unable to store alias tocorrectgroupedtokens
	at org.apache.pig.PigServer.storeEx(PigServer.java:994)
	at org.apache.pig.PigServer.store(PigServer.java:954)
	at org.apache.pig.PigServer.openIterator(PigServer.java:867)
	... 13 more
Caused by: org.apache.pig.backend.hadoop.executionengine.mapReduceLayer.JobCreationException: ERROR 2017: Internal error creating job configuration.
	at org.apache.pig.backend.hadoop.executionengine.mapReduceLayer.JobControlCompiler.getJob(JobControlCompiler.java:873)
	at org.apache.pig.backend.hadoop.executionengine.mapReduceLayer.JobControlCompiler.compile(JobControlCompiler.java:298)
	at org.apache.pig.backend.hadoop.executionengine.mapReduceLayer.MapReduceLauncher.launchPig(MapReduceLauncher.java:190)
	at org.apache.pig.PigServer.launchPlan(PigServer.java:1334)
	at org.apache.pig.PigServer.executeCompiledLogicalPlan(PigServer.java:1319)
	at org.apache.pig.PigServer.storeEx(PigServer.java:990)
	... 15 more
Caused by: java.io.IOException: Filesystem closed
	at org.apache.hadoop.hdfs.DFSClient.checkOpen(DFSClient.java:794)
	at org.apache.hadoop.hdfs.DFSClient.getFileInfo(DFSClient.java:1980)
	at org.apache.hadoop.hdfs.DistributedFileSystem$18.doCall(DistributedFileSystem.java:1128)
	at org.apache.hadoop.hdfs.DistributedFileSystem$18.doCall(DistributedFileSystem.java:1124)
	at org.apache.hadoop.fs.FileSystemLinkResolver.resolve(FileSystemLinkResolver.java:81)
	at org.apache.hadoop.hdfs.DistributedFileSystem.getFileStatus(DistributedFileSystem.java:1124)
	at org.apache.hadoop.fs.FileSystem.exists(FileSystem.java:1400)
	at org.apache.pig.backend.hadoop.datastorage.HPath.exists(HPath.java:106)
	at org.apache.pig.impl.io.FileLocalizer.getTemporaryPath(FileLocalizer.java:480)
	at org.apache.pig.impl.io.FileLocalizer.getTemporaryPath(FileLocalizer.java:474)
	at org.apache.pig.backend.hadoop.executionengine.mapReduceLayer.JobControlCompiler.shipToHDFS(JobControlCompiler.java:1535)
	at org.apache.pig.backend.hadoop.executionengine.mapReduceLayer.JobControlCompiler.putJarOnClassPathThroughDistributedCache(JobControlCompiler.java:1512)
	at org.apache.pig.backend.hadoop.executionengine.mapReduceLayer.JobControlCompiler.getJob(JobControlCompiler.java:536)
	... 20 more
================================================================================
